  AES.cpp
C:\Users\Thien\UIT\Nam_2\Hoc_Ky_2\Mat_Ma_Hoc\Lab\Lab_1_2_Offclass\aes_gui\AES_1\AES_1\AES.cpp(387,21): warning C4566: character represented by universal-character-name '\u0110' cannot be represented in the current code page (1252)
C:\Users\Thien\UIT\Nam_2\Hoc_Ky_2\Mat_Ma_Hoc\Lab\Lab_1_2_Offclass\aes_gui\AES_1\AES_1\AES.cpp(387,21): warning C4566: character represented by universal-character-name '\u1ED9' cannot be represented in the current code page (1252)
C:\Users\Thien\UIT\Nam_2\Hoc_Ky_2\Mat_Ma_Hoc\Lab\Lab_1_2_Offclass\aes_gui\AES_1\AES_1\AES.cpp(387,21): warning C4566: character represented by universal-character-name '\u1EE7' cannot be represented in the current code page (1252)
C:\Users\Thien\UIT\Nam_2\Hoc_Ky_2\Mat_Ma_Hoc\Lab\Lab_1_2_Offclass\aes_gui\AES_1\AES_1\AES.cpp(387,21): warning C4566: character represented by universal-character-name '\u0111' cannot be represented in the current code page (1252)
C:\Users\Thien\UIT\Nam_2\Hoc_Ky_2\Mat_Ma_Hoc\Lab\Lab_1_2_Offclass\aes_gui\AES_1\AES_1\AES.cpp(387,21): warning C4566: character represented by universal-character-name '\u1EC3' cannot be represented in the current code page (1252)
C:\Program Files\Microsoft Visual Studio\2022\Community\VC\Tools\MSVC\14.39.33519\include\algorithm(3433,24): warning C4242: '=': conversion from 'int' to 'char', possible loss of data
  (compiling source file 'AES.cpp')
  C:\Program Files\Microsoft Visual Studio\2022\Community\VC\Tools\MSVC\14.39.33519\include\algorithm(3433,24):
  the template instantiation context (the oldest one first) is
  	C:\Users\Thien\UIT\Nam_2\Hoc_Ky_2\Mat_Ma_Hoc\Lab\Lab_1_2_Offclass\aes_gui\AES_1\AES_1\AES.cpp(219,9):
  	see reference to function template instantiation '_OutIt std::transform<std::_String_iterator<std::_String_val<std::_Simple_types<_Elem>>>,std::_String_iterator<std::_String_val<std::_Simple_types<_Elem>>>,standardizeString::<lambda_1>>(const _InIt,const _InIt,_OutIt,_Fn)' being compiled
          with
          [
              _OutIt=std::_String_iterator<std::_String_val<std::_Simple_types<char>>>,
              _Elem=char,
              _InIt=std::_String_iterator<std::_String_val<std::_Simple_types<char>>>,
              _Fn=standardizeString::<lambda_1>
          ]
  
cryptlib.lib(cryptlib.obj) : warning LNK4099: PDB '' was not found with 'cryptlib.lib(cryptlib.obj)' or at ''; linking object as if no debug info
cryptlib.lib(filters.obj) : warning LNK4099: PDB '' was not found with 'cryptlib.lib(filters.obj)' or at ''; linking object as if no debug info
cryptlib.lib(allocate.obj) : warning LNK4099: PDB '' was not found with 'cryptlib.lib(allocate.obj)' or at ''; linking object as if no debug info
cryptlib.lib(integer.obj) : warning LNK4099: PDB '' was not found with 'cryptlib.lib(integer.obj)' or at ''; linking object as if no debug info
cryptlib.lib(algparam.obj) : warning LNK4099: PDB '' was not found with 'cryptlib.lib(algparam.obj)' or at ''; linking object as if no debug info
cryptlib.lib(basecode.obj) : warning LNK4099: PDB '' was not found with 'cryptlib.lib(basecode.obj)' or at ''; linking object as if no debug info
cryptlib.lib(base64.obj) : warning LNK4099: PDB '' was not found with 'cryptlib.lib(base64.obj)' or at ''; linking object as if no debug info
cryptlib.lib(hex.obj) : warning LNK4099: PDB '' was not found with 'cryptlib.lib(hex.obj)' or at ''; linking object as if no debug info
cryptlib.lib(files.obj) : warning LNK4099: PDB '' was not found with 'cryptlib.lib(files.obj)' or at ''; linking object as if no debug info
cryptlib.lib(rijndael.obj) : warning LNK4099: PDB '' was not found with 'cryptlib.lib(rijndael.obj)' or at ''; linking object as if no debug info
cryptlib.lib(randpool.obj) : warning LNK4099: PDB '' was not found with 'cryptlib.lib(randpool.obj)' or at ''; linking object as if no debug info
cryptlib.lib(osrng.obj) : warning LNK4099: PDB '' was not found with 'cryptlib.lib(osrng.obj)' or at ''; linking object as if no debug info
cryptlib.lib(modes.obj) : warning LNK4099: PDB '' was not found with 'cryptlib.lib(modes.obj)' or at ''; linking object as if no debug info
cryptlib.lib(dll.obj) : warning LNK4099: PDB '' was not found with 'cryptlib.lib(dll.obj)' or at ''; linking object as if no debug info
cryptlib.lib(authenc.obj) : warning LNK4099: PDB '' was not found with 'cryptlib.lib(authenc.obj)' or at ''; linking object as if no debug info
cryptlib.lib(ccm.obj) : warning LNK4099: PDB '' was not found with 'cryptlib.lib(ccm.obj)' or at ''; linking object as if no debug info
cryptlib.lib(gcm.obj) : warning LNK4099: PDB '' was not found with 'cryptlib.lib(gcm.obj)' or at ''; linking object as if no debug info
cryptlib.lib(xts.obj) : warning LNK4099: PDB '' was not found with 'cryptlib.lib(xts.obj)' or at ''; linking object as if no debug info
cryptlib.lib(misc.obj) : warning LNK4099: PDB '' was not found with 'cryptlib.lib(misc.obj)' or at ''; linking object as if no debug info
cryptlib.lib(queue.obj) : warning LNK4099: PDB '' was not found with 'cryptlib.lib(queue.obj)' or at ''; linking object as if no debug info
cryptlib.lib(fips140.obj) : warning LNK4099: PDB '' was not found with 'cryptlib.lib(fips140.obj)' or at ''; linking object as if no debug info
cryptlib.lib(pch.obj) : warning LNK4099: PDB '' was not found with 'cryptlib.lib(pch.obj)' or at ''; linking object as if no debug info
cryptlib.lib(mqueue.obj) : warning LNK4099: PDB '' was not found with 'cryptlib.lib(mqueue.obj)' or at ''; linking object as if no debug info
cryptlib.lib(nbtheory.obj) : warning LNK4099: PDB '' was not found with 'cryptlib.lib(nbtheory.obj)' or at ''; linking object as if no debug info
cryptlib.lib(asn.obj) : warning LNK4099: PDB '' was not found with 'cryptlib.lib(asn.obj)' or at ''; linking object as if no debug info
cryptlib.lib(pubkey.obj) : warning LNK4099: PDB '' was not found with 'cryptlib.lib(pubkey.obj)' or at ''; linking object as if no debug info
cryptlib.lib(iterhash.obj) : warning LNK4099: PDB '' was not found with 'cryptlib.lib(iterhash.obj)' or at ''; linking object as if no debug info
cryptlib.lib(sha.obj) : warning LNK4099: PDB '' was not found with 'cryptlib.lib(sha.obj)' or at ''; linking object as if no debug info
cryptlib.lib(cpu.obj) : warning LNK4099: PDB '' was not found with 'cryptlib.lib(cpu.obj)' or at ''; linking object as if no debug info
cryptlib.lib(rijndael_simd.obj) : warning LNK4099: PDB '' was not found with 'cryptlib.lib(rijndael_simd.obj)' or at ''; linking object as if no debug info
cryptlib.lib(rdtables.obj) : warning LNK4099: PDB '' was not found with 'cryptlib.lib(rdtables.obj)' or at ''; linking object as if no debug info
cryptlib.lib(hrtimer.obj) : warning LNK4099: PDB '' was not found with 'cryptlib.lib(hrtimer.obj)' or at ''; linking object as if no debug info
cryptlib.lib(des.obj) : warning LNK4099: PDB '' was not found with 'cryptlib.lib(des.obj)' or at ''; linking object as if no debug info
cryptlib.lib(gfpcrypt.obj) : warning LNK4099: PDB '' was not found with 'cryptlib.lib(gfpcrypt.obj)' or at ''; linking object as if no debug info
cryptlib.lib(hmac.obj) : warning LNK4099: PDB '' was not found with 'cryptlib.lib(hmac.obj)' or at ''; linking object as if no debug info
cryptlib.lib(gf2n.obj) : warning LNK4099: PDB '' was not found with 'cryptlib.lib(gf2n.obj)' or at ''; linking object as if no debug info
cryptlib.lib(ec2n.obj) : warning LNK4099: PDB '' was not found with 'cryptlib.lib(ec2n.obj)' or at ''; linking object as if no debug info
cryptlib.lib(ecp.obj) : warning LNK4099: PDB '' was not found with 'cryptlib.lib(ecp.obj)' or at ''; linking object as if no debug info
cryptlib.lib(rng.obj) : warning LNK4099: PDB '' was not found with 'cryptlib.lib(rng.obj)' or at ''; linking object as if no debug info
cryptlib.lib(gcm_simd.obj) : warning LNK4099: PDB '' was not found with 'cryptlib.lib(gcm_simd.obj)' or at ''; linking object as if no debug info
cryptlib.lib(primetab.obj) : warning LNK4099: PDB '' was not found with 'cryptlib.lib(primetab.obj)' or at ''; linking object as if no debug info
cryptlib.lib(sha_simd.obj) : warning LNK4099: PDB '' was not found with 'cryptlib.lib(sha_simd.obj)' or at ''; linking object as if no debug info
cryptlib.lib(dessp.obj) : warning LNK4099: PDB '' was not found with 'cryptlib.lib(dessp.obj)' or at ''; linking object as if no debug info
cryptlib.lib(gf2n_simd.obj) : warning LNK4099: PDB '' was not found with 'cryptlib.lib(gf2n_simd.obj)' or at ''; linking object as if no debug info
  AES_1.vcxproj -> C:\Users\Thien\UIT\Nam_2\Hoc_Ky_2\Mat_Ma_Hoc\Lab\Lab_1_2_Offclass\aes_gui\AES_1\x64\Debug\AES_1.exe
